#
# There is insufficient memory for the Java Runtime Environment to continue.
# Native memory allocation (malloc) failed to allocate 1048576 bytes. Error detail: AllocateHeap
# Possible reasons:
#   The system is out of physical RAM or swap space
#   This process is running with CompressedOops enabled, and the Java Heap may be blocking the growth of the native heap
# Possible solutions:
#   Reduce memory load on the system
#   Increase physical memory or swap space
#   Check if swap backing store is full
#   Decrease Java heap size (-Xmx/-Xms)
#   Decrease number of Java threads
#   Decrease Java thread stack sizes (-Xss)
#   Set larger code cache with -XX:ReservedCodeCacheSize=
#   JVM is running with Unscaled Compressed Oops mode in which the Java heap is
#     placed in the first 4GB address space. The Java Heap base address is the
#     maximum limit for the native heap growth. Please use -XX:HeapBaseMinAddress
#     to set the Java Heap base and to place the Java Heap above 4GB virtual address.
# This output file may be truncated or incomplete.
#
#  Out of Memory Error (allocation.cpp:44), pid=31200, tid=7896
#
# JRE version: OpenJDK Runtime Environment Temurin-21.0.10+7 (21.0.10+7) (build 21.0.10+7-LTS)
# Java VM: OpenJDK 64-Bit Server VM Temurin-21.0.10+7 (21.0.10+7-LTS, mixed mode, sharing, tiered, compressed oops, compressed class ptrs, parallel gc, windows-amd64)
# No core dump will be written. Minidumps are not enabled by default on client versions of Windows
#

---------------  S U M M A R Y ------------

Command Line: --add-modules=ALL-SYSTEM --add-opens=java.base/java.util=ALL-UNNAMED --add-opens=java.base/java.lang=ALL-UNNAMED --add-opens=java.base/sun.nio.fs=ALL-UNNAMED -Declipse.application=org.eclipse.jdt.ls.core.id1 -Dosgi.bundles.defaultStartLevel=4 -Declipse.product=org.eclipse.jdt.ls.core.product -Djava.import.generatesMetadataFilesAtProjectRoot=false -DDetectVMInstallationsJob.disabled=true -Dfile.encoding=utf8 -XX:+UseParallelGC -XX:GCTimeRatio=4 -XX:AdaptiveSizePolicyWeight=90 -Dsun.zip.disableMemoryMapping=true -Xmx2G -Xms100m -Xlog:disable -javaagent:c:\Users\prisc\.vscode\extensions\redhat.java-1.53.0-win32-x64\lombok\lombok-1.18.39-4050.jar -XX:+HeapDumpOnOutOfMemoryError -XX:HeapDumpPath=c:\Users\prisc\AppData\Roaming\Code\User\workspaceStorage\9519f2f68d04eaa1bb0c60838f829e5c\redhat.java -Daether.dependencyCollector.impl=bf c:\Users\prisc\.vscode\extensions\redhat.java-1.53.0-win32-x64\server\plugins\org.eclipse.equinox.launcher_1.7.100.v20251111-0406.jar -configuration c:\Users\prisc\AppData\Roaming\Code\User\globalStorage\redhat.java\1.53.0\config_win -data c:\Users\prisc\AppData\Roaming\Code\User\workspaceStorage\9519f2f68d04eaa1bb0c60838f829e5c\redhat.java\jdt_ws --pipe=\\.\pipe\lsp-694ee4c064c6abca649ef23877558bc9-sock

Host: AMD Ryzen 7 5700U with Radeon Graphics         , 16 cores, 15G,  Windows 11 , 64 bit Build 26100 (10.0.26100.7705)
Time: Fri Apr 10 14:06:16 2026 Hora est. Pac璗ico, Sudam廨ica elapsed time: 379.760916 seconds (0d 0h 6m 19s)

---------------  T H R E A D  ---------------

Current thread (0x0000019079971850):  JavaThread "Attach Listener" daemon [_thread_in_vm, id=7896, stack(0x0000008576200000,0x0000008576300000) (1024K)]

Stack: [0x0000008576200000,0x0000008576300000]
Native frames: (J=compiled Java code, j=interpreted, Vv=VM code, C=native code)
V  [jvm.dll+0x6d7a39]
V  [jvm.dll+0x8b4b26]
V  [jvm.dll+0x8b70de]
V  [jvm.dll+0x8b77c3]
V  [jvm.dll+0x284346]
V  [jvm.dll+0xc1277]
V  [jvm.dll+0x6d82e9]
V  [jvm.dll+0x1334a6]
V  [jvm.dll+0x3f857e]
V  [jvm.dll+0x85f59d]
V  [jvm.dll+0x6d626d]
C  [ucrtbase.dll+0x37b0]
C  [KERNEL32.DLL+0x2e8d7]
C  [ntdll.dll+0x8c40c]


---------------  P R O C E S S  ---------------

Threads class SMR info:
_java_thread_list=0x0000019064641f90, length=64, elements={
0x000001906fb0ce90, 0x0000019071f8df60, 0x000001907996c5f0, 0x000001907996ece0,
0x0000019079971850, 0x00000190799722b0, 0x0000019079972d10, 0x0000019079975db0,
0x000001907997b4e0, 0x000001907afa6720, 0x000001907c61e060, 0x000001907ce9fcc0,
0x000001907cebf540, 0x000001907cec0f80, 0x000001907cec1610, 0x000001907cec1ca0,
0x000001907cec2330, 0x000001907cebeeb0, 0x000001907cec08f0, 0x000001907cec0260,
0x000001907eb673e0, 0x000001907eb68100, 0x000001907eb66030, 0x000001907eb65310,
0x000001907eb659a0, 0x000001907eb666c0, 0x0000019055795570, 0x0000019055796fb0,
0x0000019055795c00, 0x0000019055796290, 0x0000019055796920, 0x0000019055793b30,
0x0000019055797640, 0x00000190557941c0, 0x0000019055797cd0, 0x0000019055794850,
0x0000019055798360, 0x0000019055794ee0, 0x000001905579b150, 0x000001905579a430,
0x0000019055799710, 0x0000019055799da0, 0x0000019056024830, 0x0000019056025550,
0x0000019056024ec0, 0x0000019056027620, 0x00000190560241a0, 0x0000019056027cb0,
0x0000019056026900, 0x0000019056028340, 0x0000019056025be0, 0x000001905602a410,
0x000001905602aaa0, 0x0000019054381d50, 0x00000190543823e0, 0x0000019054382a70,
0x000001907cebfbd0, 0x00000190560289d0, 0x000001906511c500, 0x000001906511b150,
0x000001906511cb90, 0x0000019065119da0, 0x000001906511d8b0, 0x000001906511be70
}

Java Threads: ( => current thread )
  0x000001906fb0ce90 JavaThread "main"                              [_thread_blocked, id=31176, stack(0x0000008575b00000,0x0000008575c00000) (1024K)]
  0x0000019071f8df60 JavaThread "Reference Handler"          daemon [_thread_blocked, id=30748, stack(0x0000008575f00000,0x0000008576000000) (1024K)]
  0x000001907996c5f0 JavaThread "Finalizer"                  daemon [_thread_blocked, id=31104, stack(0x0000008576000000,0x0000008576100000) (1024K)]
  0x000001907996ece0 JavaThread "Signal Dispatcher"          daemon [_thread_blocked, id=10488, stack(0x0000008576100000,0x0000008576200000) (1024K)]
=>0x0000019079971850 JavaThread "Attach Listener"            daemon [_thread_in_vm, id=7896, stack(0x0000008576200000,0x0000008576300000) (1024K)]
  0x00000190799722b0 JavaThread "Service Thread"             daemon [_thread_blocked, id=2884, stack(0x0000008576300000,0x0000008576400000) (1024K)]
  0x0000019079972d10 JavaThread "Monitor Deflation Thread"   daemon [_thread_blocked, id=30952, stack(0x0000008576400000,0x0000008576500000) (1024K)]
  0x0000019079975db0 JavaThread "C2 CompilerThread0"         daemon [_thread_blocked, id=31304, stack(0x0000008576500000,0x0000008576600000) (1024K)]
  0x000001907997b4e0 JavaThread "C1 CompilerThread0"         daemon [_thread_blocked, id=31352, stack(0x0000008576600000,0x0000008576700000) (1024K)]
  0x000001907afa6720 JavaThread "Common-Cleaner"             daemon [_thread_blocked, id=31340, stack(0x0000008576b00000,0x0000008576c00000) (1024K)]
  0x000001907c61e060 JavaThread "Notification Thread"        daemon [_thread_blocked, id=16760, stack(0x0000008576a00000,0x0000008576b00000) (1024K)]
  0x000001907ce9fcc0 JavaThread "Active Thread: Equinox Container: 4e74a5bb-7e2d-4b86-a741-4736bffc803f"        [_thread_blocked, id=31716, stack(0x0000008577400000,0x0000008577500000) (1024K)]
  0x000001907cebf540 JavaThread "Framework Event Dispatcher: Equinox Container: 4e74a5bb-7e2d-4b86-a741-4736bffc803f" daemon [_thread_blocked, id=30072, stack(0x0000008576700000,0x0000008576800000) (1024K)]
  0x000001907cec0f80 JavaThread "Start Level: Equinox Container: 4e74a5bb-7e2d-4b86-a741-4736bffc803f" daemon [_thread_blocked, id=3932, stack(0x0000008576800000,0x0000008576900000) (1024K)]
  0x000001907cec1610 JavaThread "Bundle File Closer"         daemon [_thread_blocked, id=32000, stack(0x0000008576900000,0x0000008576a00000) (1024K)]
  0x000001907cec1ca0 JavaThread "Refresh Thread: Equinox Container: 4e74a5bb-7e2d-4b86-a741-4736bffc803f" daemon [_thread_blocked, id=32116, stack(0x0000008577300000,0x0000008577400000) (1024K)]
  0x000001907cec2330 JavaThread "SCR Component Actor"        daemon [_thread_blocked, id=33044, stack(0x0000008577700000,0x0000008577800000) (1024K)]
  0x000001907cebeeb0 JavaThread "Worker-JM"                         [_thread_blocked, id=24404, stack(0x0000008577f00000,0x0000008578000000) (1024K)]
  0x000001907cec08f0 JavaThread "JNA Cleaner"                daemon [_thread_blocked, id=28876, stack(0x0000008577800000,0x0000008577900000) (1024K)]
  0x000001907cec0260 JavaThread "Worker-1"                          [_thread_blocked, id=29596, stack(0x0000008578100000,0x0000008578200000) (1024K)]
  0x000001907eb673e0 JavaThread "Java indexing"              daemon [_thread_blocked, id=32896, stack(0x0000008578500000,0x0000008578600000) (1024K)]
  0x000001907eb68100 JavaThread "Worker-4"                          [_thread_blocked, id=23468, stack(0x0000008578a00000,0x0000008578b00000) (1024K)]
  0x000001907eb66030 JavaThread "Thread-1"                   daemon [_thread_in_native, id=23216, stack(0x0000008578c00000,0x0000008578d00000) (1024K)]
  0x000001907eb65310 JavaThread "Thread-2"                   daemon [_thread_in_native, id=33620, stack(0x0000008578d00000,0x0000008578e00000) (1024K)]
  0x000001907eb659a0 JavaThread "Thread-3"                   daemon [_thread_in_native, id=29428, stack(0x0000008578e00000,0x0000008578f00000) (1024K)]
  0x000001907eb666c0 JavaThread "Thread-4"                   daemon [_thread_in_native, id=29432, stack(0x0000008578f00000,0x0000008579000000) (1024K)]
  0x0000019055795570 JavaThread "Thread-5"                   daemon [_thread_in_native, id=20420, stack(0x0000008579000000,0x0000008579100000) (1024K)]
  0x0000019055796fb0 JavaThread "Thread-6"                   daemon [_thread_in_native, id=19940, stack(0x0000008579100000,0x0000008579200000) (1024K)]
  0x0000019055795c00 JavaThread "Thread-7"                   daemon [_thread_in_native, id=32964, stack(0x0000008579200000,0x0000008579300000) (1024K)]
  0x0000019055796290 JavaThread "Thread-8"                   daemon [_thread_in_native, id=5752, stack(0x0000008579300000,0x0000008579400000) (1024K)]
  0x0000019055796920 JavaThread "Thread-9"                   daemon [_thread_in_native, id=32952, stack(0x0000008579400000,0x0000008579500000) (1024K)]
  0x0000019055793b30 JavaThread "Thread-10"                  daemon [_thread_in_native, id=32144, stack(0x0000008579500000,0x0000008579600000) (1024K)]
  0x0000019055797640 JavaThread "Thread-11"                  daemon [_thread_in_native, id=32160, stack(0x0000008579600000,0x0000008579700000) (1024K)]
  0x00000190557941c0 JavaThread "Thread-12"                  daemon [_thread_in_native, id=33724, stack(0x0000008579700000,0x0000008579800000) (1024K)]
  0x0000019055797cd0 JavaThread "Thread-13"                  daemon [_thread_in_native, id=33464, stack(0x0000008579800000,0x0000008579900000) (1024K)]
  0x0000019055794850 JavaThread "Thread-14"                  daemon [_thread_in_native, id=30756, stack(0x0000008579900000,0x0000008579a00000) (1024K)]
  0x0000019055798360 JavaThread "Thread-15"                  daemon [_thread_in_native, id=33460, stack(0x0000008579a00000,0x0000008579b00000) (1024K)]
  0x0000019055794ee0 JavaThread "Thread-16"                  daemon [_thread_in_native, id=33248, stack(0x0000008579b00000,0x0000008579c00000) (1024K)]
  0x000001905579b150 JavaThread "Thread-17"                  daemon [_thread_in_native, id=14348, stack(0x0000008579c00000,0x0000008579d00000) (1024K)]
  0x000001905579a430 JavaThread "pool-2-thread-1"                   [_thread_blocked, id=2240, stack(0x0000008579d00000,0x0000008579e00000) (1024K)]
  0x0000019055799710 JavaThread "WorkspaceEventsHandler"            [_thread_blocked, id=32808, stack(0x0000008579e00000,0x0000008579f00000) (1024K)]
  0x0000019055799da0 JavaThread "pool-1-thread-1"                   [_thread_blocked, id=33204, stack(0x0000008579f00000,0x000000857a000000) (1024K)]
  0x0000019056024830 JavaThread "Timer-0"                           [_thread_blocked, id=4720, stack(0x000000857ae00000,0x000000857af00000) (1024K)]
  0x0000019056025550 JavaThread "Timer-1"                           [_thread_blocked, id=20012, stack(0x0000008575900000,0x0000008575a00000) (1024K)]
  0x0000019056024ec0 JavaThread "Timer-2"                           [_thread_blocked, id=29204, stack(0x0000008575a00000,0x0000008575b00000) (1024K)]
  0x0000019056027620 JavaThread "Timer-3"                           [_thread_blocked, id=30252, stack(0x0000008577500000,0x0000008577600000) (1024K)]
  0x00000190560241a0 JavaThread "Timer-4"                           [_thread_blocked, id=7736, stack(0x0000008577600000,0x0000008577700000) (1024K)]
  0x0000019056027cb0 JavaThread "Timer-5"                           [_thread_blocked, id=28860, stack(0x0000008575800000,0x0000008575900000) (1024K)]
  0x0000019056026900 JavaThread "Timer-6"                           [_thread_blocked, id=5504, stack(0x0000008577900000,0x0000008577a00000) (1024K)]
  0x0000019056028340 JavaThread "Timer-7"                           [_thread_blocked, id=5644, stack(0x0000008578400000,0x0000008578500000) (1024K)]
  0x0000019056025be0 JavaThread "ForkJoinPool.commonPool-worker-3" daemon [_thread_blocked, id=28192, stack(0x0000008578300000,0x0000008578400000) (1024K)]
  0x000001905602a410 JavaThread "ForkJoinPool.commonPool-worker-5" daemon [_thread_blocked, id=3816, stack(0x0000008578b00000,0x0000008578c00000) (1024K)]
  0x000001905602aaa0 JavaThread "ForkJoinPool.commonPool-worker-7" daemon [_thread_blocked, id=33872, stack(0x000000857a300000,0x000000857a400000) (1024K)]
  0x0000019054381d50 JavaThread "ForkJoinPool.commonPool-worker-8" daemon [_thread_blocked, id=33552, stack(0x000000857a400000,0x000000857a500000) (1024K)]
  0x00000190543823e0 JavaThread "ForkJoinPool.commonPool-worker-9" daemon [_thread_blocked, id=34612, stack(0x000000857a500000,0x000000857a600000) (1024K)]
  0x0000019054382a70 JavaThread "ForkJoinPool.commonPool-worker-10" daemon [_thread_blocked, id=31128, stack(0x000000857a600000,0x000000857a700000) (1024K)]
  0x000001907cebfbd0 JavaThread "LocalFile Deleter"          daemon [_thread_blocked, id=6968, stack(0x000000857bb00000,0x000000857bc00000) (1024K)]
  0x00000190560289d0 JavaThread "LocalFile Deleter"          daemon [_thread_blocked, id=31156, stack(0x000000857bc00000,0x000000857bd00000) (1024K)]
  0x000001906511c500 JavaThread "LocalFile Deleter"          daemon [_thread_blocked, id=5768, stack(0x000000857bd00000,0x000000857be00000) (1024K)]
  0x000001906511b150 JavaThread "Compiler Source File Reader" daemon [_thread_blocked, id=13548, stack(0x000000857be00000,0x000000857bf00000) (1024K)]
  0x000001906511cb90 JavaThread "Compiler Source File Reader" daemon [_thread_blocked, id=14528, stack(0x000000857bf00000,0x000000857c000000) (1024K)]
  0x0000019065119da0 JavaThread "Compiler Class File Writer" daemon [_thread_blocked, id=15764, stack(0x000000857b700000,0x000000857b800000) (1024K)]
  0x000001906511d8b0 JavaThread "Compiler Class File Writer" daemon [_thread_blocked, id=26824, stack(0x000000857c200000,0x000000857c300000) (1024K)]
  0x000001906511be70 JavaThread "Worker-9"                          [_thread_blocked, id=12524, stack(0x0000008578200000,0x0000008578300000) (1024K)]
Total: 64

Other Threads:
  0x0000019071f7ab30 VMThread "VM Thread"                           [id=31324, stack(0x0000008575e00000,0x0000008575f00000) (1024K)]
  0x000001907985ba00 WatcherThread "VM Periodic Task Thread"        [id=28756, stack(0x0000008575d00000,0x0000008575e00000) (1024K)]
  0x0000019071eed5e0 WorkerThread "GC Thread#0"                     [id=1692, stack(0x0000008575c00000,0x0000008575d00000) (1024K)]
  0x000001907c98b8b0 WorkerThread "GC Thread#1"                     [id=14520, stack(0x0000008576d00000,0x0000008576e00000) (1024K)]
  0x000001907d00b420 WorkerThread "GC Thread#2"                     [id=31672, stack(0x0000008576e00000,0x0000008576f00000) (1024K)]
  0x000001907d00b7d0 WorkerThread "GC Thread#3"                     [id=31740, stack(0x0000008576f00000,0x0000008577000000) (1024K)]
  0x000001907d00bf90 WorkerThread "GC Thread#4"                     [id=31676, stack(0x0000008577000000,0x0000008577100000) (1024K)]
  0x000001907d00c340 WorkerThread "GC Thread#5"                     [id=31652, stack(0x0000008577100000,0x0000008577200000) (1024K)]
  0x000001907cb9d8c0 WorkerThread "GC Thread#6"                     [id=26916, stack(0x0000008577200000,0x0000008577300000) (1024K)]
  0x000001907ce736d0 WorkerThread "GC Thread#7"                     [id=5272, stack(0x0000008576c00000,0x0000008576d00000) (1024K)]
  0x000001907e709e90 WorkerThread "GC Thread#8"                     [id=32524, stack(0x0000008577c00000,0x0000008577d00000) (1024K)]
  0x000001907d3ee550 WorkerThread "GC Thread#9"                     [id=33468, stack(0x0000008577b00000,0x0000008577c00000) (1024K)]
  0x000001907d072af0 WorkerThread "GC Thread#10"                    [id=33476, stack(0x0000008577d00000,0x0000008577e00000) (1024K)]
  0x000001907d4617e0 WorkerThread "GC Thread#11"                    [id=32940, stack(0x0000008577a00000,0x0000008577b00000) (1024K)]
  0x000001907d461080 WorkerThread "GC Thread#12"                    [id=13952, stack(0x0000008577e00000,0x0000008577f00000) (1024K)]
Total: 15

Threads with active compile tasks:
Total: 0

VM state: not at safepoint (normal execution)

VM Mutex/Monitor currently owned by a thread: None

Heap address: 0x0000000080000000, size: 2048 MB, Compressed Oops mode: 32-bit

CDS archive(s) mapped at: [0x000001900f000000-0x000001900fba0000-0x000001900fba0000), size 12189696, SharedBaseAddress: 0x000001900f000000, ArchiveRelocationMode: 1.
Compressed class space mapped at: 0x0000019010000000-0x0000019050000000, reserved size: 1073741824
Narrow klass base: 0x000001900f000000, Narrow klass shift: 0, Narrow klass range: 0x100000000

GC Precious Log:
 CardTable entry size: 512
 CPUs: 16 total, 16 available
 Memory: 15693M
 Large Page Support: Disabled
 NUMA Support: Disabled
 Compressed Oops: Enabled (32-bit)
 Alignments: Space 512K, Generation 512K, Heap 2M
 Heap Min Capacity: 100M
 Heap Initial Capacity: 100M
 Heap Max Capacity: 2G
 Pre-touch: Disabled
 Parallel Workers: 13

Heap:
 PSYoungGen      total 16896K, used 13949K [0x00000000d5580000, 0x00000000d6780000, 0x0000000100000000)
  eden space 15360K, 88% used [0x00000000d5580000,0x00000000d62cf638,0x00000000d6480000)
  from space 1536K, 20% used [0x00000000d6500000,0x00000000d6550000,0x00000000d6680000)
  to   space 512K, 0% used [0x00000000d6700000,0x00000000d6700000,0x00000000d6780000)
 ParOldGen       total 70144K, used 70035K [0x0000000080000000, 0x0000000084480000, 0x00000000d5580000)
  object space 70144K, 99% used [0x0000000080000000,0x0000000084464d90,0x0000000084480000)
 Metaspace       used 85016K, committed 86720K, reserved 1179648K
  class space    used 10389K, committed 11136K, reserved 1048576K

Card table byte_map: [0x0000019071870000,0x0000019071c80000] _byte_map_base: 0x0000019071470000

Marking Bits: (ParMarkBitMap*) 0x00007ffc122c3450
 Begin Bits: [0x0000019075380000, 0x0000019077380000)
 End Bits:   [0x0000019077380000, 0x0000019079380000)

Polling page: 0x000001906fcf0000

Metaspace:

Usage:
  Non-class:     72.88 MB used.
      Class:     10.15 MB used.
       Both:     83.02 MB used.

Virtual space:
  Non-class space:      128.00 MB reserved,      73.81 MB ( 58%) committed,  2 nodes.
      Class space:        1.00 GB reserved,      10.88 MB (  1%) committed,  1 nodes.
             Both:        1.12 GB reserved,      84.69 MB (  7%) committed. 

Chunk freelists:
   Non-Class:  6.09 MB
       Class:  5.06 MB
        Both:  11.16 MB

MaxMetaspaceSize: unlimited
CompressedClassSpaceSize: 1.00 GB
Initial GC threshold: 21.00 MB
Current GC threshold: 97.31 MB
CDS: on
 - commit_granule_bytes: 65536.
 - commit_granule_words: 8192.
 - virtual_space_node_default_size: 8388608.
 - enlarge_chunks_in_place: 1.
 - use_allocation_guard: 0.


Internal statistics:

num_allocs_failed_limit: 9.
num_arena_births: 1594.
num_arena_deaths: 14.
num_vsnodes_births: 3.
num_vsnodes_deaths: 0.
num_space_committed: 1355.
num_space_uncommitted: 0.
num_chunks_returned_to_freelist: 23.
num_chunks_taken_from_freelist: 5256.
num_chunk_merges: 11.
num_chunk_splits: 3355.
num_chunks_enlarged: 2046.
num_inconsistent_stats: 0.

CodeHeap 'non-profiled nmethods': size=119168Kb used=8835Kb max_used=8835Kb free=110332Kb
 bounds [0x0000019007ba0000, 0x0000019008450000, 0x000001900f000000]
CodeHeap 'profiled nmethods': size=119104Kb used=24662Kb max_used=24662Kb free=94441Kb
 bounds [0x0000019000000000, 0x0000019001820000, 0x0000019007450000]
CodeHeap 'non-nmethods': size=7488Kb used=1480Kb max_used=3172Kb free=6007Kb
 bounds [0x0000019007450000, 0x0000019007780000, 0x0000019007ba0000]
CodeCache: size=245760Kb, used=34977Kb, max_used=36669Kb, free=210780Kb
 total_blobs=11976, nmethods=11178, adapters=704, full_count=0
Compilation: enabled, stopped_count=0, restarted_count=0

Compilation events (20 events):
Event: 248.060 Thread 0x00000190559a2870 12133       3       org.eclipse.core.internal.resources.MarkerManager$$Lambda/0x000001901023b1f0::visitElement (23 bytes)
Event: 248.060 Thread 0x00000190559a2870 nmethod 12133 0x000001900180ee10 code [0x000001900180efc0, 0x000001900180f128]
Event: 248.062 Thread 0x00000190559a2f40 nmethod 12134 0x000001900180f210 code [0x000001900180f440, 0x000001900180fc20]
Event: 248.082 Thread 0x0000019079975db0 nmethod 12099 0x0000019008410690 code [0x00000190084108a0, 0x0000019008411648]
Event: 248.082 Thread 0x0000019079975db0 12121       4       org.eclipse.jdt.internal.core.JavaModelCache::getInfo (156 bytes)
Event: 248.128 Thread 0x0000019063b57900 nmethod 11808 0x0000019008411b90 code [0x00000190084123a0, 0x0000019008416d50]
Event: 248.206 Thread 0x0000019079975db0 nmethod 12121 0x000001900841a490 code [0x000001900841a8e0, 0x000001900841d538]
Event: 248.220 Thread 0x0000019063b59440 nmethod 12111 0x000001900841e990 code [0x000001900841ee60, 0x0000019008422430]
Event: 248.307 Thread 0x0000019063b586a0 nmethod 11822% 0x0000019008423d90 code [0x00000190084244a0, 0x000001900842e2a8]
Event: 248.477 Thread 0x00000190559a3ce0 nmethod 11867 0x0000019008434e90 code [0x00000190084356e0, 0x000001900843a240]
Event: 335.333 Thread 0x0000019079975db0 12135       4       org.eclipse.core.internal.jobs.JobQueue::peek (26 bytes)
Event: 335.335 Thread 0x0000019079975db0 nmethod 12135 0x0000019008440590 code [0x0000019008440720, 0x00000190084407d0]
Event: 335.336 Thread 0x000001907997b4e0 12136       3       org.eclipse.core.internal.utils.StringPool::add (50 bytes)
Event: 335.337 Thread 0x000001907997b4e0 nmethod 12136 0x000001900180ff10 code [0x0000019001810100, 0x00000190018105d0]
Event: 335.337 Thread 0x000001907997b4e0 12137       3       org.eclipse.core.internal.dtree.AbstractDataTreeNode::storeStrings (42 bytes)
Event: 335.338 Thread 0x000001907997b4e0 nmethod 12137 0x0000019001810790 code [0x0000019001810960, 0x0000019001810cd8]
Event: 335.338 Thread 0x000001907997b4e0 12139   !   3       org.eclipse.core.internal.jobs.JobManager::nextJob (291 bytes)
Event: 335.342 Thread 0x000001907997b4e0 nmethod 12139 0x0000019001810e90 code [0x0000019001811320, 0x0000019001813458]
Event: 335.343 Thread 0x000001907997b4e0 12138       3       org.eclipse.core.internal.jobs.JobManager::startJob (89 bytes)
Event: 335.344 Thread 0x000001907997b4e0 nmethod 12138 0x0000019001814590 code [0x0000019001814840, 0x00000190018156a0]

GC Heap History (20 events):
Event: 244.846 GC heap before
{Heap before GC invocations=73 (full 3):
 PSYoungGen      total 17920K, used 17892K [0x00000000d5580000, 0x00000000d6e00000, 0x0000000100000000)
  eden space 15872K, 100% used [0x00000000d5580000,0x00000000d6500000,0x00000000d6500000)
  from space 2048K, 98% used [0x00000000d6500000,0x00000000d66f9000,0x00000000d6700000)
  to   space 4608K, 0% used [0x00000000d6980000,0x00000000d6980000,0x00000000d6e00000)
 ParOldGen       total 68608K, used 59623K [0x0000000080000000, 0x0000000084300000, 0x00000000d5580000)
  object space 68608K, 86% used [0x0000000080000000,0x0000000083a39ea0,0x0000000084300000)
 Metaspace       used 76895K, committed 78528K, reserved 1179648K
  class space    used 9561K, committed 10304K, reserved 1048576K
}
Event: 244.851 GC heap after
{Heap after GC invocations=73 (full 3):
 PSYoungGen      total 17920K, used 1728K [0x00000000d5580000, 0x00000000d6b80000, 0x0000000100000000)
  eden space 15872K, 0% used [0x00000000d5580000,0x00000000d5580000,0x00000000d6500000)
  from space 2048K, 84% used [0x00000000d6980000,0x00000000d6b30000,0x00000000d6b80000)
  to   space 2560K, 0% used [0x00000000d6680000,0x00000000d6680000,0x00000000d6900000)
 ParOldGen       total 68608K, used 61526K [0x0000000080000000, 0x0000000084300000, 0x00000000d5580000)
  object space 68608K, 89% used [0x0000000080000000,0x0000000083c15950,0x0000000084300000)
 Metaspace       used 76895K, committed 78528K, reserved 1179648K
  class space    used 9561K, committed 10304K, reserved 1048576K
}
Event: 244.956 GC heap before
{Heap before GC invocations=74 (full 3):
 PSYoungGen      total 17920K, used 17600K [0x00000000d5580000, 0x00000000d6b80000, 0x0000000100000000)
  eden space 15872K, 100% used [0x00000000d5580000,0x00000000d6500000,0x00000000d6500000)
  from space 2048K, 84% used [0x00000000d6980000,0x00000000d6b30000,0x00000000d6b80000)
  to   space 2560K, 0% used [0x00000000d6680000,0x00000000d6680000,0x00000000d6900000)
 ParOldGen       total 68608K, used 61526K [0x0000000080000000, 0x0000000084300000, 0x00000000d5580000)
  object space 68608K, 89% used [0x0000000080000000,0x0000000083c15950,0x0000000084300000)
 Metaspace       used 76928K, committed 78528K, reserved 1179648K
  class space    used 9561K, committed 10304K, reserved 1048576K
}
Event: 244.962 GC heap after
{Heap after GC invocations=74 (full 3):
 PSYoungGen      total 17920K, used 1984K [0x00000000d5580000, 0x00000000d6a00000, 0x0000000100000000)
  eden space 15872K, 0% used [0x00000000d5580000,0x00000000d5580000,0x00000000d6500000)
  from space 2048K, 96% used [0x00000000d6680000,0x00000000d6870010,0x00000000d6880000)
  to   space 1536K, 0% used [0x00000000d6880000,0x00000000d6880000,0x00000000d6a00000)
 ParOldGen       total 68608K, used 63030K [0x0000000080000000, 0x0000000084300000, 0x00000000d5580000)
  object space 68608K, 91% used [0x0000000080000000,0x0000000083d8d950,0x0000000084300000)
 Metaspace       used 76928K, committed 78528K, reserved 1179648K
  class space    used 9561K, committed 10304K, reserved 1048576K
}
Event: 245.048 GC heap before
{Heap before GC invocations=75 (full 3):
 PSYoungGen      total 17920K, used 17856K [0x00000000d5580000, 0x00000000d6a00000, 0x0000000100000000)
  eden space 15872K, 100% used [0x00000000d5580000,0x00000000d6500000,0x00000000d6500000)
  from space 2048K, 96% used [0x00000000d6680000,0x00000000d6870010,0x00000000d6880000)
  to   space 1536K, 0% used [0x00000000d6880000,0x00000000d6880000,0x00000000d6a00000)
 ParOldGen       total 68608K, used 63030K [0x0000000080000000, 0x0000000084300000, 0x00000000d5580000)
  object space 68608K, 91% used [0x0000000080000000,0x0000000083d8d950,0x0000000084300000)
 Metaspace       used 76937K, committed 78528K, reserved 1179648K
  class space    used 9561K, committed 10304K, reserved 1048576K
}
Event: 245.053 GC heap after
{Heap after GC invocations=75 (full 3):
 PSYoungGen      total 16896K, used 1528K [0x00000000d5580000, 0x00000000d6d00000, 0x0000000100000000)
  eden space 15360K, 0% used [0x00000000d5580000,0x00000000d5580000,0x00000000d6480000)
  from space 1536K, 99% used [0x00000000d6880000,0x00000000d69fe200,0x00000000d6a00000)
  to   space 4096K, 0% used [0x00000000d6480000,0x00000000d6480000,0x00000000d6880000)
 ParOldGen       total 68608K, used 64966K [0x0000000080000000, 0x0000000084300000, 0x00000000d5580000)
  object space 68608K, 94% used [0x0000000080000000,0x0000000083f71960,0x0000000084300000)
 Metaspace       used 76937K, committed 78528K, reserved 1179648K
  class space    used 9561K, committed 10304K, reserved 1048576K
}
Event: 245.377 GC heap before
{Heap before GC invocations=76 (full 3):
 PSYoungGen      total 16896K, used 16888K [0x00000000d5580000, 0x00000000d6d00000, 0x0000000100000000)
  eden space 15360K, 100% used [0x00000000d5580000,0x00000000d6480000,0x00000000d6480000)
  from space 1536K, 99% used [0x00000000d6880000,0x00000000d69fe200,0x00000000d6a00000)
  to   space 4096K, 0% used [0x00000000d6480000,0x00000000d6480000,0x00000000d6880000)
 ParOldGen       total 68608K, used 64966K [0x0000000080000000, 0x0000000084300000, 0x00000000d5580000)
  object space 68608K, 94% used [0x0000000080000000,0x0000000083f71960,0x0000000084300000)
 Metaspace       used 78435K, committed 80000K, reserved 1179648K
  class space    used 9712K, committed 10432K, reserved 1048576K
}
Event: 245.381 GC heap after
{Heap after GC invocations=76 (full 3):
 PSYoungGen      total 16896K, used 1232K [0x00000000d5580000, 0x00000000d6900000, 0x0000000100000000)
  eden space 15360K, 0% used [0x00000000d5580000,0x00000000d5580000,0x00000000d6480000)
  from space 1536K, 80% used [0x00000000d6480000,0x00000000d65b4010,0x00000000d6600000)
  to   space 2048K, 0% used [0x00000000d6700000,0x00000000d6700000,0x00000000d6900000)
 ParOldGen       total 68608K, used 66414K [0x0000000080000000, 0x0000000084300000, 0x00000000d5580000)
  object space 68608K, 96% used [0x0000000080000000,0x00000000840dbb60,0x0000000084300000)
 Metaspace       used 78435K, committed 80000K, reserved 1179648K
  class space    used 9712K, committed 10432K, reserved 1048576K
}
Event: 246.081 GC heap before
{Heap before GC invocations=77 (full 3):
 PSYoungGen      total 16896K, used 16580K [0x00000000d5580000, 0x00000000d6900000, 0x0000000100000000)
  eden space 15360K, 99% used [0x00000000d5580000,0x00000000d647d298,0x00000000d6480000)
  from space 1536K, 80% used [0x00000000d6480000,0x00000000d65b4010,0x00000000d6600000)
  to   space 2048K, 0% used [0x00000000d6700000,0x00000000d6700000,0x00000000d6900000)
 ParOldGen       total 68608K, used 66414K [0x0000000080000000, 0x0000000084300000, 0x00000000d5580000)
  object space 68608K, 96% used [0x0000000080000000,0x00000000840dbb60,0x0000000084300000)
 Metaspace       used 79689K, committed 81344K, reserved 1179648K
  class space    used 9874K, committed 10624K, reserved 1048576K
}
Event: 246.084 GC heap after
{Heap after GC invocations=77 (full 3):
 PSYoungGen      total 16384K, used 923K [0x00000000d5580000, 0x00000000d6800000, 0x0000000100000000)
  eden space 15360K, 0% used [0x00000000d5580000,0x00000000d5580000,0x00000000d6480000)
  from space 1024K, 90% used [0x00000000d6700000,0x00000000d67e6ea8,0x00000000d6800000)
  to   space 1536K, 0% used [0x00000000d6500000,0x00000000d6500000,0x00000000d6680000)
 ParOldGen       total 68608K, used 67346K [0x0000000080000000, 0x0000000084300000, 0x00000000d5580000)
  object space 68608K, 98% used [0x0000000080000000,0x00000000841c4840,0x0000000084300000)
 Metaspace       used 79689K, committed 81344K, reserved 1179648K
  class space    used 9874K, committed 10624K, reserved 1048576K
}
Event: 246.673 GC heap before
{Heap before GC invocations=78 (full 3):
 PSYoungGen      total 16384K, used 16233K [0x00000000d5580000, 0x00000000d6800000, 0x0000000100000000)
  eden space 15360K, 99% used [0x00000000d5580000,0x00000000d6473818,0x00000000d6480000)
  from space 1024K, 90% used [0x00000000d6700000,0x00000000d67e6ea8,0x00000000d6800000)
  to   space 1536K, 0% used [0x00000000d6500000,0x00000000d6500000,0x00000000d6680000)
 ParOldGen       total 68608K, used 67346K [0x0000000080000000, 0x0000000084300000, 0x00000000d5580000)
  object space 68608K, 98% used [0x0000000080000000,0x00000000841c4840,0x0000000084300000)
 Metaspace       used 80371K, committed 81984K, reserved 1179648K
  class space    used 9956K, committed 10688K, reserved 1048576K
}
Event: 246.676 GC heap after
{Heap after GC invocations=78 (full 3):
 PSYoungGen      total 16896K, used 448K [0x00000000d5580000, 0x00000000d6780000, 0x0000000100000000)
  eden space 15360K, 0% used [0x00000000d5580000,0x00000000d5580000,0x00000000d6480000)
  from space 1536K, 29% used [0x00000000d6500000,0x00000000d6570000,0x00000000d6680000)
  to   space 1024K, 0% used [0x00000000d6680000,0x00000000d6680000,0x00000000d6780000)
 ParOldGen       total 68608K, used 68133K [0x0000000080000000, 0x0000000084300000, 0x00000000d5580000)
  object space 68608K, 99% used [0x0000000080000000,0x0000000084289748,0x0000000084300000)
 Metaspace       used 80371K, committed 81984K, reserved 1179648K
  class space    used 9956K, committed 10688K, reserved 1048576K
}
Event: 247.195 GC heap before
{Heap before GC invocations=79 (full 3):
 PSYoungGen      total 16896K, used 15808K [0x00000000d5580000, 0x00000000d6780000, 0x0000000100000000)
  eden space 15360K, 100% used [0x00000000d5580000,0x00000000d6480000,0x00000000d6480000)
  from space 1536K, 29% used [0x00000000d6500000,0x00000000d6570000,0x00000000d6680000)
  to   space 1024K, 0% used [0x00000000d6680000,0x00000000d6680000,0x00000000d6780000)
 ParOldGen       total 68608K, used 68133K [0x0000000080000000, 0x0000000084300000, 0x00000000d5580000)
  object space 68608K, 99% used [0x0000000080000000,0x0000000084289748,0x0000000084300000)
 Metaspace       used 82216K, committed 83840K, reserved 1179648K
  class space    used 10119K, committed 10880K, reserved 1048576K
}
Event: 247.198 GC heap after
{Heap after GC invocations=79 (full 3):
 PSYoungGen      total 16384K, used 992K [0x00000000d5580000, 0x00000000d6780000, 0x0000000100000000)
  eden space 15360K, 0% used [0x00000000d5580000,0x00000000d5580000,0x00000000d6480000)
  from space 1024K, 96% used [0x00000000d6680000,0x00000000d6778050,0x00000000d6780000)
  to   space 1536K, 0% used [0x00000000d6480000,0x00000000d6480000,0x00000000d6600000)
 ParOldGen       total 68608K, used 68373K [0x0000000080000000, 0x0000000084300000, 0x00000000d5580000)
  object space 68608K, 99% used [0x0000000080000000,0x00000000842c5748,0x0000000084300000)
 Metaspace       used 82216K, committed 83840K, reserved 1179648K
  class space    used 10119K, committed 10880K, reserved 1048576K
}
Event: 247.359 GC heap before
{Heap before GC invocations=80 (full 3):
 PSYoungGen      total 16384K, used 16352K [0x00000000d5580000, 0x00000000d6780000, 0x0000000100000000)
  eden space 15360K, 100% used [0x00000000d5580000,0x00000000d6480000,0x00000000d6480000)
  from space 1024K, 96% used [0x00000000d6680000,0x00000000d6778050,0x00000000d6780000)
  to   space 1536K, 0% used [0x00000000d6480000,0x00000000d6480000,0x00000000d6600000)
 ParOldGen       total 68608K, used 68373K [0x0000000080000000, 0x0000000084300000, 0x00000000d5580000)
  object space 68608K, 99% used [0x0000000080000000,0x00000000842c5748,0x0000000084300000)
 Metaspace       used 83119K, committed 84736K, reserved 1179648K
  class space    used 10196K, committed 10944K, reserved 1048576K
}
Event: 247.361 GC heap after
{Heap after GC invocations=80 (full 3):
 PSYoungGen      total 16896K, used 1529K [0x00000000d5580000, 0x00000000d6980000, 0x0000000100000000)
  eden space 15360K, 0% used [0x00000000d5580000,0x00000000d5580000,0x00000000d6480000)
  from space 1536K, 99% used [0x00000000d6480000,0x00000000d65fe648,0x00000000d6600000)
  to   space 2560K, 0% used [0x00000000d6700000,0x00000000d6700000,0x00000000d6980000)
 ParOldGen       total 69120K, used 69048K [0x0000000080000000, 0x0000000084380000, 0x00000000d5580000)
  object space 69120K, 99% used [0x0000000080000000,0x000000008436e1b8,0x0000000084380000)
 Metaspace       used 83119K, committed 84736K, reserved 1179648K
  class space    used 10196K, committed 10944K, reserved 1048576K
}
Event: 247.492 GC heap before
{Heap before GC invocations=81 (full 3):
 PSYoungGen      total 16896K, used 16849K [0x00000000d5580000, 0x00000000d6980000, 0x0000000100000000)
  eden space 15360K, 99% used [0x00000000d5580000,0x00000000d6476160,0x00000000d6480000)
  from space 1536K, 99% used [0x00000000d6480000,0x00000000d65fe648,0x00000000d6600000)
  to   space 2560K, 0% used [0x00000000d6700000,0x00000000d6700000,0x00000000d6980000)
 ParOldGen       total 69120K, used 69048K [0x0000000080000000, 0x0000000084380000, 0x00000000d5580000)
  object space 69120K, 99% used [0x0000000080000000,0x000000008436e1b8,0x0000000084380000)
 Metaspace       used 83164K, committed 84800K, reserved 1179648K
  class space    used 10203K, committed 10944K, reserved 1048576K
}
Event: 247.495 GC heap after
{Heap after GC invocations=81 (full 3):
 PSYoungGen      total 16384K, used 557K [0x00000000d5580000, 0x00000000d6800000, 0x0000000100000000)
  eden space 15360K, 0% used [0x00000000d5580000,0x00000000d5580000,0x00000000d6480000)
  from space 1024K, 54% used [0x00000000d6700000,0x00000000d678b680,0x00000000d6800000)
  to   space 1536K, 0% used [0x00000000d6500000,0x00000000d6500000,0x00000000d6680000)
 ParOldGen       total 70144K, used 69955K [0x0000000080000000, 0x0000000084480000, 0x00000000d5580000)
  object space 70144K, 99% used [0x0000000080000000,0x0000000084450d90,0x0000000084480000)
 Metaspace       used 83164K, committed 84800K, reserved 1179648K
  class space    used 10203K, committed 10944K, reserved 1048576K
}
Event: 247.692 GC heap before
{Heap before GC invocations=82 (full 3):
 PSYoungGen      total 16384K, used 15917K [0x00000000d5580000, 0x00000000d6800000, 0x0000000100000000)
  eden space 15360K, 100% used [0x00000000d5580000,0x00000000d6480000,0x00000000d6480000)
  from space 1024K, 54% used [0x00000000d6700000,0x00000000d678b680,0x00000000d6800000)
  to   space 1536K, 0% used [0x00000000d6500000,0x00000000d6500000,0x00000000d6680000)
 ParOldGen       total 70144K, used 69955K [0x0000000080000000, 0x0000000084480000, 0x00000000d5580000)
  object space 70144K, 99% used [0x0000000080000000,0x0000000084450d90,0x0000000084480000)
 Metaspace       used 84228K, committed 85888K, reserved 1179648K
  class space    used 10301K, committed 11072K, reserved 1048576K
}
Event: 247.693 GC heap after
{Heap after GC invocations=82 (full 3):
 PSYoungGen      total 16896K, used 320K [0x00000000d5580000, 0x00000000d6780000, 0x0000000100000000)
  eden space 15360K, 0% used [0x00000000d5580000,0x00000000d5580000,0x00000000d6480000)
  from space 1536K, 20% used [0x00000000d6500000,0x00000000d6550000,0x00000000d6680000)
  to   space 512K, 0% used [0x00000000d6700000,0x00000000d6700000,0x00000000d6780000)
 ParOldGen       total 70144K, used 70035K [0x0000000080000000, 0x0000000084480000, 0x00000000d5580000)
  object space 70144K, 99% used [0x0000000080000000,0x0000000084464d90,0x0000000084480000)
 Metaspace       used 84228K, committed 85888K, reserved 1179648K
  class space    used 10301K, committed 11072K, reserved 1048576K
}

Dll operation events (15 events):
Event: 0.029 Loaded shared library c:\Users\prisc\.vscode\extensions\redhat.java-1.53.0-win32-x64\jre\21.0.10-win32-x86_64\bin\java.dll
Event: 0.191 Loaded shared library c:\Users\prisc\.vscode\extensions\redhat.java-1.53.0-win32-x64\jre\21.0.10-win32-x86_64\bin\zip.dll
Event: 0.238 Loaded shared library C:\Users\prisc\.vscode\extensions\redhat.java-1.53.0-win32-x64\jre\21.0.10-win32-x86_64\bin\instrument.dll
Event: 0.253 Loaded shared library C:\Users\prisc\.vscode\extensions\redhat.java-1.53.0-win32-x64\jre\21.0.10-win32-x86_64\bin\net.dll
Event: 0.261 Loaded shared library C:\Users\prisc\.vscode\extensions\redhat.java-1.53.0-win32-x64\jre\21.0.10-win32-x86_64\bin\nio.dll
Event: 0.271 Loaded shared library C:\Users\prisc\.vscode\extensions\redhat.java-1.53.0-win32-x64\jre\21.0.10-win32-x86_64\bin\zip.dll
Event: 0.313 Loaded shared library C:\Users\prisc\.vscode\extensions\redhat.java-1.53.0-win32-x64\jre\21.0.10-win32-x86_64\bin\jimage.dll
Event: 0.525 Loaded shared library c:\Users\prisc\.vscode\extensions\redhat.java-1.53.0-win32-x64\jre\21.0.10-win32-x86_64\bin\verify.dll
Event: 20.389 Loaded shared library C:\Users\prisc\AppData\Roaming\Code\User\globalStorage\redhat.java\1.53.0\config_win\org.eclipse.equinox.launcher\org.eclipse.equinox.launcher.win32.win32.x86_64_1.3.0.v20260203-2149\eclipse_11919.dll
Event: 35.172 Loaded shared library C:\Users\prisc\AppData\Local\Temp\jna-106935095\jna7621464196330952455.dll
Event: 38.583 Loaded shared library C:\Users\prisc\.vscode\extensions\redhat.java-1.53.0-win32-x64\jre\21.0.10-win32-x86_64\bin\sunmscapi.dll
Event: 39.007 Loaded shared library C:\Users\prisc\.vscode\extensions\redhat.java-1.53.0-win32-x64\jre\21.0.10-win32-x86_64\bin\extnet.dll
Event: 70.842 Loaded shared library C:\Users\prisc\.gradle\native\660c5614fbf4a5f2a75b1949f50a0caf5cd603558e7d8a26e50b933a0cfb79d1\windows-amd64\native-platform.dll
Event: 91.615 Loaded shared library C:\Users\prisc\.vscode\extensions\redhat.java-1.53.0-win32-x64\jre\21.0.10-win32-x86_64\bin\management.dll
Event: 91.623 Loaded shared library C:\Users\prisc\.vscode\extensions\redhat.java-1.53.0-win32-x64\jre\21.0.10-win32-x86_64\bin\management_ext.dll

Deoptimization events (20 events):
Event: 247.784 Thread 0x000001907eb673e0 DEOPT PACKING pc=0x0000019001440346 sp=0x00000085785fe6d0
Event: 247.784 Thread 0x000001907eb673e0 DEOPT UNPACKING pc=0x00000190074a4242 sp=0x00000085785fdc50 mode 0
Event: 247.893 Thread 0x000001907eb673e0 Uncommon trap: trap_request=0xffffff45 fr.pc=0x0000019007f0cbe8 relative=0x0000000000000868
Event: 247.893 Thread 0x000001907eb673e0 Uncommon trap: reason=unstable_if action=reinterpret pc=0x0000019007f0cbe8 method=org.eclipse.jdt.internal.core.index.DiskIndex.readStreamChars(Ljava/io/InputStream;)[C @ 1 c2
Event: 247.893 Thread 0x000001907eb673e0 DEOPT PACKING pc=0x0000019007f0cbe8 sp=0x00000085785fed90
Event: 247.893 Thread 0x000001907eb673e0 DEOPT UNPACKING pc=0x00000190074a3aa2 sp=0x00000085785fed08 mode 2
Event: 247.896 Thread 0x000001907eb673e0 Uncommon trap: trap_request=0xffffff45 fr.pc=0x0000019007f0e5b8 relative=0x0000000000000438
Event: 247.896 Thread 0x000001907eb673e0 Uncommon trap: reason=unstable_if action=reinterpret pc=0x0000019007f0e5b8 method=org.eclipse.jdt.internal.compiler.util.HashtableOfObject.putUnsafely([CLjava/lang/Object;)V @ 23 c2
Event: 247.896 Thread 0x000001907eb673e0 DEOPT PACKING pc=0x0000019007f0e5b8 sp=0x00000085785feee0
Event: 247.896 Thread 0x000001907eb673e0 DEOPT UNPACKING pc=0x00000190074a3aa2 sp=0x00000085785fee88 mode 2
Event: 248.011 Thread 0x000001905602b7c0 DEOPT PACKING pc=0x00000190017e85f3 sp=0x000000857a1feb70
Event: 248.011 Thread 0x000001905602b7c0 DEOPT UNPACKING pc=0x00000190074a4242 sp=0x000000857a1fe018 mode 0
Event: 248.019 Thread 0x000001907eb66d50 Uncommon trap: trap_request=0xffffff45 fr.pc=0x000001900830e5b4 relative=0x00000000000011b4
Event: 248.019 Thread 0x000001907eb66d50 Uncommon trap: reason=unstable_if action=reinterpret pc=0x000001900830e5b4 method=org.eclipse.jdt.internal.core.util.Util.splitOn(CLjava/lang/String;II)[Ljava/lang/String; @ 16 c2
Event: 248.019 Thread 0x000001907eb66d50 DEOPT PACKING pc=0x000001900830e5b4 sp=0x00000085786fe580
Event: 248.019 Thread 0x000001907eb66d50 DEOPT UNPACKING pc=0x00000190074a3aa2 sp=0x00000085786fe570 mode 2
Event: 248.026 Thread 0x000001907eb66d50 Uncommon trap: trap_request=0xffffff6e fr.pc=0x000001900840fa18 relative=0x0000000000000398
Event: 248.026 Thread 0x000001907eb66d50 Uncommon trap: reason=loop_limit_check action=maybe_recompile pc=0x000001900840fa18 method=org.eclipse.jdt.internal.core.util.HashtableOfArrayToObject.hashCode([Ljava/lang/Object;I)I @ 27 c2
Event: 248.026 Thread 0x000001907eb66d50 DEOPT PACKING pc=0x000001900840fa18 sp=0x00000085786fe4a0
Event: 248.026 Thread 0x000001907eb66d50 DEOPT UNPACKING pc=0x00000190074a3aa2 sp=0x00000085786fe428 mode 2

Classes loaded (20 events):
Event: 247.070 Loading class java/util/stream/ReduceOps$4
Event: 247.070 Loading class java/util/stream/ReduceOps$4 done
Event: 247.070 Loading class java/util/stream/ReduceOps$4ReducingSink
Event: 247.070 Loading class java/util/stream/ReduceOps$4ReducingSink done
Event: 247.076 Loading class java/nio/file/Files$2
Event: 247.076 Loading class java/nio/file/Files$2 done
Event: 247.357 Loading class java/util/Hashtable$ValueCollection
Event: 247.358 Loading class java/util/Hashtable$ValueCollection done
Event: 247.366 Loading class java/util/concurrent/ConcurrentHashMap$KeySpliterator
Event: 247.366 Loading class java/util/concurrent/ConcurrentHashMap$KeySpliterator done
Event: 247.730 Loading class java/util/stream/ReferencePipeline$4
Event: 247.730 Loading class java/util/stream/ReferencePipeline$4 done
Event: 247.731 Loading class java/util/stream/Nodes$IntFixedNodeBuilder
Event: 247.731 Loading class java/util/stream/Node$Builder$OfInt
Event: 247.731 Loading class java/util/stream/Node$Builder$OfInt done
Event: 247.731 Loading class java/util/stream/Nodes$IntArrayNode
Event: 247.732 Loading class java/util/stream/Nodes$IntArrayNode done
Event: 247.732 Loading class java/util/stream/Nodes$IntFixedNodeBuilder done
Event: 247.732 Loading class java/util/stream/ReferencePipeline$4$1
Event: 247.732 Loading class java/util/stream/ReferencePipeline$4$1 done

Classes unloaded (7 events):
Event: 36.015 Thread 0x0000019071f7ab30 Unloading class 0x00000190101b4800 'java/lang/invoke/LambdaForm$MH+0x00000190101b4800'
Event: 36.015 Thread 0x0000019071f7ab30 Unloading class 0x00000190101b4400 'java/lang/invoke/LambdaForm$MH+0x00000190101b4400'
Event: 36.015 Thread 0x0000019071f7ab30 Unloading class 0x00000190101b4000 'java/lang/invoke/LambdaForm$MH+0x00000190101b4000'
Event: 36.015 Thread 0x0000019071f7ab30 Unloading class 0x00000190101b3c00 'java/lang/invoke/LambdaForm$MH+0x00000190101b3c00'
Event: 36.015 Thread 0x0000019071f7ab30 Unloading class 0x00000190101b3800 'java/lang/invoke/LambdaForm$BMH+0x00000190101b3800'
Event: 36.015 Thread 0x0000019071f7ab30 Unloading class 0x00000190101b3400 'java/lang/invoke/LambdaForm$DMH+0x00000190101b3400'
Event: 36.015 Thread 0x0000019071f7ab30 Unloading class 0x00000190101b2000 'java/lang/invoke/LambdaForm$DMH+0x00000190101b2000'

Classes redefined (0 events):
No events

Internal exceptions (20 events):
Event: 245.572 Thread 0x000001905602b7c0 Exception <a 'java/io/FileNotFoundException'{0x00000000d596ea90}> (0x00000000d596ea90) 
thrown [s\src\hotspot\share\prims\jni.cpp, line 520]
Event: 245.572 Thread 0x000001905602b7c0 Exception <a 'java/io/FileNotFoundException'{0x00000000d596faf8}> (0x00000000d596faf8) 
thrown [s\src\hotspot\share\prims\jni.cpp, line 520]
Event: 245.583 Thread 0x000001905602b7c0 Exception <a 'sun/nio/fs/WindowsException'{0x00000000d59c41d8}> (0x00000000d59c41d8) 
thrown [s\src\hotspot\share\prims\jni.cpp, line 520]
Event: 245.583 Thread 0x000001905602b7c0 Exception <a 'sun/nio/fs/WindowsException'{0x00000000d59c4d28}> (0x00000000d59c4d28) 
thrown [s\src\hotspot\share\prims\jni.cpp, line 520]
Event: 245.666 Thread 0x00000190560296f0 Exception <a 'sun/nio/fs/WindowsException'{0x00000000d5c148f0}> (0x00000000d5c148f0) 
thrown [s\src\hotspot\share\prims\jni.cpp, line 520]
Event: 245.671 Thread 0x000001907eb68790 Exception <a 'sun/nio/fs/WindowsException'{0x00000000d5c21448}> (0x00000000d5c21448) 
thrown [s\src\hotspot\share\prims\jni.cpp, line 520]
Event: 245.674 Thread 0x000001907eb68790 Exception <a 'sun/nio/fs/WindowsException'{0x00000000d5c22b98}> (0x00000000d5c22b98) 
thrown [s\src\hotspot\share\prims\jni.cpp, line 520]
Event: 245.677 Thread 0x00000190543851d0 Exception <a 'sun/nio/fs/WindowsException'{0x00000000d5c47d10}> (0x00000000d5c47d10) 
thrown [s\src\hotspot\share\prims\jni.cpp, line 520]
Event: 245.677 Thread 0x0000019054384b40 Exception <a 'sun/nio/fs/WindowsException'{0x00000000d5c34b80}> (0x00000000d5c34b80) 
thrown [s\src\hotspot\share\prims\jni.cpp, line 520]
Event: 247.078 Thread 0x00000190560296f0 Exception <a 'java/lang/NoSuchMethodError'{0x00000000d5ff17f8}: 'int java.lang.invoke.DirectMethodHandle$Holder.invokeSpecialIFC(java.lang.Object, java.lang.Object, java.lang.Object)'> (0x00000000d5ff17f8) 
thrown [s\src\hotspot\share\interpreter\linkResolver.cpp, line 773]
Event: 247.370 Thread 0x00000190560296f0 Exception <a 'java/lang/NoSuchMethodError'{0x00000000d56a49a8}: 'java.lang.Object java.lang.invoke.DirectMethodHandle$Holder.newInvokeSpecial(java.lang.Object, java.lang.Object, int, int, java.lang.Object)'> (0x00000000d56a49a8) 
thrown [s\src\hotspot\share\interpreter\linkResolver.cpp, line 773]
Event: 247.874 Thread 0x000001906511d220 Exception <a 'java/lang/NoSuchMethodError'{0x00000000d5b012e0}: 'void java.lang.invoke.DirectMethodHandle$Holder.invokeVirtual(java.lang.Object, java.lang.Object, java.lang.Object, java.lang.Object, java.lang.Object)'> (0x00000000d5b012e0) 
thrown [s\src\hotspot\share\interpreter\linkResolver.cpp, line 773]
Event: 247.909 Thread 0x00000190560296f0 Exception <a 'sun/nio/fs/WindowsException'{0x00000000d5c31d30}> (0x00000000d5c31d30) 
thrown [s\src\hotspot\share\prims\jni.cpp, line 520]
Event: 247.909 Thread 0x00000190560296f0 Exception <a 'sun/nio/fs/WindowsException'{0x00000000d5c32360}> (0x00000000d5c32360) 
thrown [s\src\hotspot\share\prims\jni.cpp, line 520]
Event: 247.954 Thread 0x000001907eb66d50 Exception <a 'sun/nio/fs/WindowsException'{0x00000000d5cc12a8}> (0x00000000d5cc12a8) 
thrown [s\src\hotspot\share\prims\jni.cpp, line 520]
Event: 247.955 Thread 0x000001907eb66d50 Exception <a 'sun/nio/fs/WindowsException'{0x00000000d5cc58f0}> (0x00000000d5cc58f0) 
thrown [s\src\hotspot\share\prims\jni.cpp, line 520]
Event: 247.959 Thread 0x000001907eb66d50 Exception <a 'sun/nio/fs/WindowsException'{0x00000000d5d15f30}> (0x00000000d5d15f30) 
thrown [s\src\hotspot\share\prims\jni.cpp, line 520]
Event: 247.960 Thread 0x000001907eb66d50 Exception <a 'sun/nio/fs/WindowsException'{0x00000000d5d254e8}> (0x00000000d5d254e8) 
thrown [s\src\hotspot\share\prims\jni.cpp, line 520]
Event: 247.962 Thread 0x000001907eb66d50 Exception <a 'sun/nio/fs/WindowsException'{0x00000000d5d2cfc0}> (0x00000000d5d2cfc0) 
thrown [s\src\hotspot\share\prims\jni.cpp, line 520]
Event: 247.962 Thread 0x000001907eb66d50 Exception <a 'sun/nio/fs/WindowsException'{0x00000000d5d39d70}> (0x00000000d5d39d70) 
thrown [s\src\hotspot\share\prims\jni.cpp, line 520]

ZGC Phase Switch (0 events):
No events

VM Operations (20 events):
Event: 247.359 Executing safepoint VM operation: ParallelGCFailedAllocation (Allocation Failure)
Event: 247.361 Executing safepoint VM operation: ParallelGCFailedAllocation (Allocation Failure) done
Event: 247.492 Executing safepoint VM operation: ParallelGCFailedAllocation (Allocation Failure)
Event: 247.495 Executing safepoint VM operation: ParallelGCFailedAllocation (Allocation Failure) done
Event: 247.692 Executing safepoint VM operation: ParallelGCFailedAllocation (Allocation Failure)
Event: 247.693 Executing safepoint VM operation: ParallelGCFailedAllocation (Allocation Failure) done
Event: 247.718 Executing non-safepoint VM operation: HandshakeAllThreads (Deoptimize)
Event: 247.718 Executing non-safepoint VM operation: HandshakeAllThreads (Deoptimize) done
Event: 248.003 Executing non-safepoint VM operation: HandshakeAllThreads (Deoptimize)
Event: 248.004 Executing non-safepoint VM operation: HandshakeAllThreads (Deoptimize) done
Event: 249.012 Executing safepoint VM operation: Cleanup
Event: 249.012 Executing safepoint VM operation: Cleanup done
Event: 300.411 Executing non-safepoint VM operation: HandshakeAllThreads (HandshakeForDeflation)
Event: 300.412 Executing non-safepoint VM operation: HandshakeAllThreads (HandshakeForDeflation) done
Event: 300.412 Executing non-safepoint VM operation: RendezvousGCThreads
Event: 300.412 Executing non-safepoint VM operation: RendezvousGCThreads done
Event: 360.547 Executing non-safepoint VM operation: HandshakeAllThreads (HandshakeForDeflation)
Event: 360.550 Executing non-safepoint VM operation: HandshakeAllThreads (HandshakeForDeflation) done
Event: 360.550 Executing non-safepoint VM operation: RendezvousGCThreads
Event: 360.550 Executing non-safepoint VM operation: RendezvousGCThreads done

Memory protections (0 events):
No events

Nmethod flushes (20 events):
Event: 91.363 Thread 0x0000019071f7ab30 flushing  nmethod 0x0000019000a8f810
Event: 91.363 Thread 0x0000019071f7ab30 flushing  nmethod 0x0000019000a90310
Event: 91.363 Thread 0x0000019071f7ab30 flushing  nmethod 0x0000019000a93c10
Event: 91.363 Thread 0x0000019071f7ab30 flushing  nmethod 0x0000019000a95210
Event: 91.363 Thread 0x0000019071f7ab30 flushing  nmethod 0x0000019000a96390
Event: 91.363 Thread 0x0000019071f7ab30 flushing  nmethod 0x0000019000ab4190
Event: 91.363 Thread 0x0000019071f7ab30 flushing  nmethod 0x0000019000b0c210
Event: 91.363 Thread 0x0000019071f7ab30 flushing  nmethod 0x0000019000b13310
Event: 91.363 Thread 0x0000019071f7ab30 flushing  nmethod 0x0000019000b1c810
Event: 91.363 Thread 0x0000019071f7ab30 flushing  nmethod 0x0000019000b1fa10
Event: 91.363 Thread 0x0000019071f7ab30 flushing  nmethod 0x0000019000b2d590
Event: 91.363 Thread 0x0000019071f7ab30 flushing  nmethod 0x0000019000b60810
Event: 91.363 Thread 0x0000019071f7ab30 flushing  nmethod 0x0000019000b60f10
Event: 91.363 Thread 0x0000019071f7ab30 flushing  nmethod 0x0000019000b61e10
Event: 91.363 Thread 0x0000019071f7ab30 flushing  nmethod 0x0000019000b62410
Event: 91.363 Thread 0x0000019071f7ab30 flushing  nmethod 0x0000019000b62c90
Event: 91.363 Thread 0x0000019071f7ab30 flushing  nmethod 0x0000019000b63010
Event: 91.363 Thread 0x0000019071f7ab30 flushing  nmethod 0x0000019000b66d90
Event: 91.363 Thread 0x0000019071f7ab30 flushing  nmethod 0x0000019000b74610
Event: 91.363 Thread 0x0000019071f7ab30 flushing  nmethod 0x0000019000b78c10

Events (20 events):
Event: 253.511 Thread 0x0000019054386580 Thread exited: 0x0000019054386580
Event: 253.526 Thread 0x00000190543844b0 Thread exited: 0x00000190543844b0
Event: 253.526 Thread 0x00000190543809a0 Thread exited: 0x00000190543809a0
Event: 253.557 Thread 0x0000019054387930 Thread exited: 0x0000019054387930
Event: 253.557 Thread 0x0000019054387fc0 Thread exited: 0x0000019054387fc0
Event: 253.573 Thread 0x0000019054383790 Thread exited: 0x0000019054383790
Event: 258.157 Thread 0x0000019063b57900 Thread exited: 0x0000019063b57900
Event: 258.235 Thread 0x0000019063b59440 Thread exited: 0x0000019063b59440
Event: 258.485 Thread 0x00000190559a3ce0 Thread exited: 0x00000190559a3ce0
Event: 305.690 Thread 0x0000019054384b40 Thread exited: 0x0000019054384b40
Event: 305.690 Thread 0x000001907eb68790 Thread exited: 0x000001907eb68790
Event: 307.905 Thread 0x000001906511d220 Thread exited: 0x000001906511d220
Event: 307.953 Thread 0x000001905602b130 Thread exited: 0x000001905602b130
Event: 308.028 Thread 0x000001905602b7c0 Thread exited: 0x000001905602b7c0
Event: 308.043 Thread 0x0000019056029060 Thread exited: 0x0000019056029060
Event: 308.043 Thread 0x00000190560296f0 Thread exited: 0x00000190560296f0
Event: 308.075 Thread 0x000001907eb66d50 Thread exited: 0x000001907eb66d50
Event: 335.334 Thread 0x000001907eb68100 Thread added: 0x000001906511be70
Event: 365.694 Thread 0x00000190543851d0 Thread exited: 0x00000190543851d0
Event: 368.040 Thread 0x0000019056029d80 Thread exited: 0x0000019056029d80


Dynamic libraries:
0x00007ff678830000 - 0x00007ff67883e000 	c:\Users\prisc\.vscode\extensions\redhat.java-1.53.0-win32-x64\jre\21.0.10-win32-x86_64\bin\java.exe
0x00007ffcd9ee0000 - 0x00007ffcda148000 	C:\WINDOWS\SYSTEM32\ntdll.dll
0x00007ffcd8bd0000 - 0x00007ffcd8c99000 	C:\WINDOWS\System32\KERNEL32.DLL
0x00007ffcd6e20000 - 0x00007ffcd7211000 	C:\WINDOWS\System32\KERNELBASE.dll
0x00007ffcd6a20000 - 0x00007ffcd6b6b000 	C:\WINDOWS\System32\ucrtbase.dll
0x00007ffca2120000 - 0x00007ffca2138000 	c:\Users\prisc\.vscode\extensions\redhat.java-1.53.0-win32-x64\jre\21.0.10-win32-x86_64\bin\jli.dll
0x00007ffcb0960000 - 0x00007ffcb097e000 	c:\Users\prisc\.vscode\extensions\redhat.java-1.53.0-win32-x64\jre\21.0.10-win32-x86_64\bin\VCRUNTIME140.dll
0x00007ffcd8870000 - 0x00007ffcd8a36000 	C:\WINDOWS\System32\USER32.dll
0x00007ffcd6870000 - 0x00007ffcd6897000 	C:\WINDOWS\System32\win32u.dll
0x00007ffcb89d0000 - 0x00007ffcb8c63000 	C:\WINDOWS\WinSxS\amd64_microsoft.windows.common-controls_6595b64144ccf1df_6.0.26100.7824_none_3e0870b2e3345462\COMCTL32.dll
0x00007ffcd83e0000 - 0x00007ffcd840b000 	C:\WINDOWS\System32\GDI32.dll
0x00007ffcd8de0000 - 0x00007ffcd8e89000 	C:\WINDOWS\System32\msvcrt.dll
0x00007ffcd72e0000 - 0x00007ffcd740b000 	C:\WINDOWS\System32\gdi32full.dll
0x00007ffcd67c0000 - 0x00007ffcd6863000 	C:\WINDOWS\System32\msvcp_win.dll
0x00007ffcd8e90000 - 0x00007ffcd8ec1000 	C:\WINDOWS\System32\IMM32.DLL
0x00007ffcbe0d0000 - 0x00007ffcbe0dc000 	c:\Users\prisc\.vscode\extensions\redhat.java-1.53.0-win32-x64\jre\21.0.10-win32-x86_64\bin\vcruntime140_1.dll
0x00007ffc2b4d0000 - 0x00007ffc2b55d000 	c:\Users\prisc\.vscode\extensions\redhat.java-1.53.0-win32-x64\jre\21.0.10-win32-x86_64\bin\msvcp140.dll
0x00007ffc11600000 - 0x00007ffc123a1000 	c:\Users\prisc\.vscode\extensions\redhat.java-1.53.0-win32-x64\jre\21.0.10-win32-x86_64\bin\server\jvm.dll
0x00007ffcd9b60000 - 0x00007ffcd9c14000 	C:\WINDOWS\System32\ADVAPI32.dll
0x00007ffcd8550000 - 0x00007ffcd85f6000 	C:\WINDOWS\System32\sechost.dll
0x00007ffcd8420000 - 0x00007ffcd8538000 	C:\WINDOWS\System32\RPCRT4.dll
0x00007ffcd8650000 - 0x00007ffcd86c4000 	C:\WINDOWS\System32\WS2_32.dll
0x00007ffcd6620000 - 0x00007ffcd667e000 	C:\WINDOWS\SYSTEM32\POWRPROF.dll
0x00007ffcd00a0000 - 0x00007ffcd00d5000 	C:\WINDOWS\SYSTEM32\WINMM.dll
0x00007ffcd00e0000 - 0x00007ffcd00eb000 	C:\WINDOWS\SYSTEM32\VERSION.dll
0x00007ffcd6600000 - 0x00007ffcd6614000 	C:\WINDOWS\SYSTEM32\UMPDC.dll
0x00007ffcd5560000 - 0x00007ffcd557b000 	C:\WINDOWS\SYSTEM32\kernel.appcore.dll
0x00007ffcbdc80000 - 0x00007ffcbdc8a000 	c:\Users\prisc\.vscode\extensions\redhat.java-1.53.0-win32-x64\jre\21.0.10-win32-x86_64\bin\jimage.dll
0x00007ffcd4970000 - 0x00007ffcd4bb2000 	C:\WINDOWS\SYSTEM32\DBGHELP.DLL
0x00007ffcd9220000 - 0x00007ffcd95a6000 	C:\WINDOWS\System32\combase.dll
0x00007ffcd8ed0000 - 0x00007ffcd8fa7000 	C:\WINDOWS\System32\OLEAUT32.dll
0x00007ffcb6200000 - 0x00007ffcb623b000 	C:\WINDOWS\SYSTEM32\dbgcore.DLL
0x00007ffcd6d70000 - 0x00007ffcd6e15000 	C:\WINDOWS\System32\bcryptPrimitives.dll
0x00007ffcb2bf0000 - 0x00007ffcb2bff000 	c:\Users\prisc\.vscode\extensions\redhat.java-1.53.0-win32-x64\jre\21.0.10-win32-x86_64\bin\instrument.dll
0x00007ffca2100000 - 0x00007ffca2120000 	c:\Users\prisc\.vscode\extensions\redhat.java-1.53.0-win32-x64\jre\21.0.10-win32-x86_64\bin\java.dll
0x00007ffcd7c80000 - 0x00007ffcd83d2000 	C:\WINDOWS\System32\SHELL32.dll
0x00007ffcd6c00000 - 0x00007ffcd6d6a000 	C:\WINDOWS\System32\wintypes.dll
0x00007ffcd7410000 - 0x00007ffcd7c73000 	C:\WINDOWS\System32\windows.storage.dll
0x00007ffcd8a40000 - 0x00007ffcd8b36000 	C:\WINDOWS\System32\SHCORE.dll
0x00007ffcd8cc0000 - 0x00007ffcd8d27000 	C:\WINDOWS\System32\shlwapi.dll
0x00007ffcd66e0000 - 0x00007ffcd6709000 	C:\WINDOWS\SYSTEM32\profapi.dll
0x00007ffc85440000 - 0x00007ffc85458000 	c:\Users\prisc\.vscode\extensions\redhat.java-1.53.0-win32-x64\jre\21.0.10-win32-x86_64\bin\zip.dll
0x00007ffcb73c0000 - 0x00007ffcb73d0000 	C:\Users\prisc\.vscode\extensions\redhat.java-1.53.0-win32-x64\jre\21.0.10-win32-x86_64\bin\net.dll
0x00007ffccf040000 - 0x00007ffccf167000 	C:\WINDOWS\SYSTEM32\WINHTTP.dll
0x00007ffcd5ad0000 - 0x00007ffcd5b3b000 	C:\WINDOWS\system32\mswsock.dll
0x00007ffc7f6a0000 - 0x00007ffc7f6b6000 	C:\Users\prisc\.vscode\extensions\redhat.java-1.53.0-win32-x64\jre\21.0.10-win32-x86_64\bin\nio.dll
0x00007ffcb2a10000 - 0x00007ffcb2a20000 	c:\Users\prisc\.vscode\extensions\redhat.java-1.53.0-win32-x64\jre\21.0.10-win32-x86_64\bin\verify.dll
0x00007ffc34940000 - 0x00007ffc34985000 	C:\Users\prisc\AppData\Roaming\Code\User\globalStorage\redhat.java\1.53.0\config_win\org.eclipse.equinox.launcher\org.eclipse.equinox.launcher.win32.win32.x86_64_1.3.0.v20260203-2149\eclipse_11919.dll
0x00007ffcd86d0000 - 0x00007ffcd8867000 	C:\WINDOWS\System32\ole32.dll
0x00007ffcd5db0000 - 0x00007ffcd5dcb000 	C:\WINDOWS\SYSTEM32\CRYPTSP.dll
0x00007ffcd54c0000 - 0x00007ffcd54f9000 	C:\WINDOWS\system32\rsaenh.dll
0x00007ffcd5b80000 - 0x00007ffcd5bab000 	C:\WINDOWS\SYSTEM32\USERENV.dll
0x00007ffcd66b0000 - 0x00007ffcd66da000 	C:\WINDOWS\SYSTEM32\bcrypt.dll
0x00007ffcd5da0000 - 0x00007ffcd5dac000 	C:\WINDOWS\SYSTEM32\CRYPTBASE.dll
0x00007ffcd4f60000 - 0x00007ffcd4f94000 	C:\WINDOWS\SYSTEM32\IPHLPAPI.DLL
0x00007ffcd8540000 - 0x00007ffcd854a000 	C:\WINDOWS\System32\NSI.dll
0x00007ffc34a60000 - 0x00007ffc34aa9000 	C:\Users\prisc\AppData\Local\Temp\jna-106935095\jna7621464196330952455.dll
0x00007ffcd8410000 - 0x00007ffcd8418000 	C:\WINDOWS\System32\PSAPI.DLL
0x00007ffccf9a0000 - 0x00007ffccf9be000 	C:\WINDOWS\SYSTEM32\dhcpcsvc6.DLL
0x00007ffccf8c0000 - 0x00007ffccf8e3000 	C:\WINDOWS\SYSTEM32\dhcpcsvc.DLL
0x00007ffca35f0000 - 0x00007ffca35fe000 	C:\Users\prisc\.vscode\extensions\redhat.java-1.53.0-win32-x64\jre\21.0.10-win32-x86_64\bin\sunmscapi.dll
0x00007ffcd68a0000 - 0x00007ffcd6a17000 	C:\WINDOWS\System32\CRYPT32.dll
0x00007ffcd5fc0000 - 0x00007ffcd5ff0000 	C:\WINDOWS\SYSTEM32\ncrypt.dll
0x00007ffcd5f70000 - 0x00007ffcd5faf000 	C:\WINDOWS\SYSTEM32\NTASN1.dll
0x00007ffcd4fa0000 - 0x00007ffcd50cc000 	C:\WINDOWS\SYSTEM32\DNSAPI.dll
0x00007ffccde40000 - 0x00007ffccde4b000 	C:\Windows\System32\rasadhlp.dll
0x00007ffcd0010000 - 0x00007ffcd0096000 	C:\WINDOWS\System32\fwpuclnt.dll
0x00007ffca1bf0000 - 0x00007ffca1bf9000 	C:\Users\prisc\.vscode\extensions\redhat.java-1.53.0-win32-x64\jre\21.0.10-win32-x86_64\bin\extnet.dll
0x00007ffc858b0000 - 0x00007ffc858d7000 	C:\Users\prisc\.gradle\native\660c5614fbf4a5f2a75b1949f50a0caf5cd603558e7d8a26e50b933a0cfb79d1\windows-amd64\native-platform.dll
0x00007ffcaf7d0000 - 0x00007ffcaf7da000 	C:\Users\prisc\.vscode\extensions\redhat.java-1.53.0-win32-x64\jre\21.0.10-win32-x86_64\bin\management.dll
0x00007ffca45b0000 - 0x00007ffca45bc000 	C:\Users\prisc\.vscode\extensions\redhat.java-1.53.0-win32-x64\jre\21.0.10-win32-x86_64\bin\management_ext.dll
0x00007ffc13510000 - 0x00007ffc13518000 	C:\WINDOWS\system32\wshunix.dll
0x00007ffcd3d10000 - 0x00007ffcd3dae000 	C:\WINDOWS\system32\apphelp.dll

JVMTI agents:
c:\Users\prisc\.vscode\extensions\redhat.java-1.53.0-win32-x64\lombok\lombok-1.18.39-4050.jar path:c:\Users\prisc\.vscode\extensions\redhat.java-1.53.0-win32-x64\jre\21.0.10-win32-x86_64\bin\instrument.dll, loaded, initialized, instrumentlib options:none

dbghelp: loaded successfully - version: 4.0.5 - missing functions: none
symbol engine: initialized successfully - sym options: 0x614 - pdb path: .;c:\Users\prisc\.vscode\extensions\redhat.java-1.53.0-win32-x64\jre\21.0.10-win32-x86_64\bin;C:\WINDOWS\SYSTEM32;C:\WINDOWS\WinSxS\amd64_microsoft.windows.common-controls_6595b64144ccf1df_6.0.26100.7824_none_3e0870b2e3345462;c:\Users\prisc\.vscode\extensions\redhat.java-1.53.0-win32-x64\jre\21.0.10-win32-x86_64\bin\server;C:\Users\prisc\AppData\Roaming\Code\User\globalStorage\redhat.java\1.53.0\config_win\org.eclipse.equinox.launcher\org.eclipse.equinox.launcher.win32.win32.x86_64_1.3.0.v20260203-2149;C:\Users\prisc\AppData\Local\Temp\jna-106935095;C:\Users\prisc\.gradle\native\660c5614fbf4a5f2a75b1949f50a0caf5cd603558e7d8a26e50b933a0cfb79d1\windows-amd64

VM Arguments:
jvm_args: --add-modules=ALL-SYSTEM --add-opens=java.base/java.util=ALL-UNNAMED --add-opens=java.base/java.lang=ALL-UNNAMED --add-opens=java.base/sun.nio.fs=ALL-UNNAMED -Declipse.application=org.eclipse.jdt.ls.core.id1 -Dosgi.bundles.defaultStartLevel=4 -Declipse.product=org.eclipse.jdt.ls.core.product -Djava.import.generatesMetadataFilesAtProjectRoot=false -DDetectVMInstallationsJob.disabled=true -Dfile.encoding=utf8 -XX:+UseParallelGC -XX:GCTimeRatio=4 -XX:AdaptiveSizePolicyWeight=90 -Dsun.zip.disableMemoryMapping=true -Xmx2G -Xms100m -Xlog:disable -javaagent:c:\Users\prisc\.vscode\extensions\redhat.java-1.53.0-win32-x64\lombok\lombok-1.18.39-4050.jar -XX:+HeapDumpOnOutOfMemoryError -XX:HeapDumpPath=c:\Users\prisc\AppData\Roaming\Code\User\workspaceStorage\9519f2f68d04eaa1bb0c60838f829e5c\redhat.java -Daether.dependencyCollector.impl=bf 
java_command: c:\Users\prisc\.vscode\extensions\redhat.java-1.53.0-win32-x64\server\plugins\org.eclipse.equinox.launcher_1.7.100.v20251111-0406.jar -configuration c:\Users\prisc\AppData\Roaming\Code\User\globalStorage\redhat.java\1.53.0\config_win -data c:\Users\prisc\AppData\Roaming\Code\User\workspaceStorage\9519f2f68d04eaa1bb0c60838f829e5c\redhat.java\jdt_ws --pipe=\\.\pipe\lsp-694ee4c064c6abca649ef23877558bc9-sock
java_class_path (initial): c:\Users\prisc\.vscode\extensions\redhat.java-1.53.0-win32-x64\server\plugins\org.eclipse.equinox.launcher_1.7.100.v20251111-0406.jar
Launcher Type: SUN_STANDARD

[Global flags]
    uintx AdaptiveSizePolicyWeight                 = 90                                        {product} {command line}
     intx CICompilerCount                          = 12                                        {product} {ergonomic}
    uintx GCTimeRatio                              = 4                                         {product} {command line}
     bool HeapDumpOnOutOfMemoryError               = true                                   {manageable} {command line}
    ccstr HeapDumpPath                             = c:\Users\prisc\AppData\Roaming\Code\User\workspaceStorage\9519f2f68d04eaa1bb0c60838f829e5c\redhat.java         {manageable} {command line}
   size_t InitialHeapSize                          = 104857600                                 {product} {command line}
   size_t MaxHeapSize                              = 2147483648                                {product} {command line}
   size_t MaxNewSize                               = 715653120                                 {product} {ergonomic}
   size_t MinHeapDeltaBytes                        = 524288                                    {product} {ergonomic}
   size_t MinHeapSize                              = 104857600                                 {product} {command line}
   size_t NewSize                                  = 34603008                                  {product} {ergonomic}
    uintx NonNMethodCodeHeapSize                   = 7602480                                {pd product} {ergonomic}
    uintx NonProfiledCodeHeapSize                  = 122027880                              {pd product} {ergonomic}
   size_t OldSize                                  = 70254592                                  {product} {ergonomic}
    uintx ProfiledCodeHeapSize                     = 122027880                              {pd product} {ergonomic}
    uintx ReservedCodeCacheSize                    = 251658240                              {pd product} {ergonomic}
     bool SegmentedCodeCache                       = true                                      {product} {ergonomic}
   size_t SoftMaxHeapSize                          = 2147483648                             {manageable} {ergonomic}
     bool UseCompressedOops                        = true                           {product lp64_product} {ergonomic}
     bool UseLargePagesIndividualAllocation        = false                                  {pd product} {ergonomic}
     bool UseParallelGC                            = true                                      {product} {command line}

Logging:
Log output configuration:
 #0: stdout all=off uptime,level,tags foldmultilines=false
 #1: stderr all=off uptime,level,tags foldmultilines=false

Release file:
JAVA_VERSION="21.0.10" 
MODULES="java.base java.compiler java.datatransfer java.xml java.prefs java.desktop java.instrument java.logging java.management java.security.sasl java.naming java.rmi java.management.rmi java.net.http java.scripting java.security.jgss java.transaction.xa java.sql java.sql.rowset java.xml.crypto java.se java.smartcardio jdk.accessibility jdk.internal.jvmstat jdk.attach jdk.charsets jdk.internal.opt jdk.zipfs jdk.compiler jdk.crypto.ec jdk.crypto.cryptoki jdk.crypto.mscapi jdk.dynalink jdk.internal.ed jdk.editpad jdk.hotspot.agent jdk.httpserver jdk.internal.le jdk.internal.vm.ci jdk.internal.vm.compiler jdk.internal.vm.compiler.management jdk.jartool jdk.javadoc jdk.jcmd jdk.management jdk.management.agent jdk.jconsole jdk.jdeps jdk.jdwp.agent jdk.jdi jdk.jfr jdk.jshell jdk.jsobject jdk.jstatd jdk.localedata jdk.management.jfr jdk.naming.dns jdk.naming.rmi jdk.net jdk.nio.mapmode jdk.random jdk.sctp jdk.security.auth jdk.security.jgss jdk.unsupported jdk.unsupported.desktop jdk.xml.dom" 

Environment Variables:
PATH=C:\Users\prisc\AppData\Local\Programs\Microsoft VS Code;C:\Users\prisc\Downloads\sonar-scanner-cli-7.3.0.5189-windows-x64\sonar-scanner-7.3.0.5189-windows-x64\bin;C:\oracle\product\19.3.0.0\db_1\WINDOWS.X64_193000_db_home\bin;C:\Program Files\Microsoft MPI\Bin\;C:\Program Files\Common Files\Oracle\Java\javapath;C:\Program Files (x86)\Common Files\Oracle\Java\javapath;C:\ProgramData\Oracle\Java\javapath;C:\WINDOWS\system32;C:\WINDOWS;C:\WINDOWS\System32\Wbem;C:\WINDOWS\System32\WindowsPowerShell\v1.0\;C:\WINDOWS\System32\OpenSSH\;C:\Program Files\Git\cmd;C:\Program Files\Microsoft SQL Server\160\DTS\Binn\;C:\Program Files (x86)\Microsoft SQL Server\160\DTS\Binn\;C:\Program Files (x86)\Microsoft SQL Server\160\Tools\Binn\;C:\Program Files\Microsoft SQL Server\160\Tools\Binn\;C:\Program Files\Microsoft SQL Server\Client SDK\ODBC\170\Tools\Binn\;C:\Program Files (x86)\Microsoft SQL Server\150\Tools\Binn\;C:\Program Files\Microsoft SQL Server\150\Tools\Binn\;C:\Program Files\Microsoft SQL Server\150\DTS\Binn\;C:\WINDOWS\system32;C:\WINDOWS;C:\WINDOWS\System32\Wbem;C:\WINDOWS\System32\WindowsPowerShell\v1.0\;C:\WINDOWS\System32\OpenSSH\;C:\Program Files\CMake\bin;C:\Users\prisc\Downloads\instantclient_19_12;C:\Program Files\Docker\Docker\resources\bin;C:\Program Files\nodejs\;C:\Users\prisc\Downloads\sonar-scanner-cli-7.3.0.5189-windows-x64\sonar-scanner-7.3.0.5189-windows-x64\bin;C:\Users\prisc\AppData\Local\Programs\Python\Launcher\;C:\Users\prisc\AppData\Local\Programs\Quarto\bin;C:\Users\prisc\AppData\Local\Microsoft\WindowsApps;C:\Users\prisc\AppData\Roaming\TinyTeX\bin\windows;C:\Users\prisc\AppData\Local\Programs\Microsoft VS Code\bin;C:\Program Files\JetBrains\PyCharm 2025.1.2\bin;;C:\Program Files\JetBrains\PhpStorm 2025.2.4\bin;C:\Users\prisc\AppData\Roaming\npm
USERNAME=prisc
OS=Windows_NT
PROCESSOR_IDENTIFIER=AMD64 Family 23 Model 104 Stepping 1, AuthenticAMD
TMP=C:\Users\prisc\AppData\Local\Temp
TEMP=C:\Users\prisc\AppData\Local\Temp




Periodic native trim disabled

---------------  S Y S T E M  ---------------

OS:
 Windows 11 , 64 bit Build 26100 (10.0.26100.7705)
OS uptime: 0 days 0:11 hours
Hyper-V role detected

CPU: total 16 (initial active 16) (16 cores per cpu, 2 threads per core) family 23 model 104 stepping 1 microcode 0x8608109, cx8, cmov, fxsr, ht, mmx, 3dnowpref, sse, sse2, sse3, ssse3, sse4a, sse4.1, sse4.2, popcnt, lzcnt, tsc, tscinvbit, avx, avx2, aes, clmul, bmi1, bmi2, adx, sha, fma, vzeroupper, clflush, clflushopt, hv, rdtscp, rdpid, f16c
Processor Information for the first 16 processors :
  Max Mhz: 1801, Current Mhz: 1801, Mhz Limit: 1801

Memory: 4k page, system-wide physical 15693M (1677M free)
TotalPageFile size 43481M (AvailPageFile size 1124M)
current process WorkingSet (physical memory assigned to process): 214M, peak: 385M
current process commit charge ("private bytes"): 430M, peak: 482M

vm_info: OpenJDK 64-Bit Server VM (21.0.10+7-LTS) for windows-amd64 JRE (21.0.10+7-LTS), built on 2026-01-20T00:00:00Z by "admin" with MS VC++ 17.12 (VS2022)

END.
